<?xml version="1.0" encoding="UTF-8"?>
<testsuite name="Runner.executeRunner" time="0.002" tests="17" errors="0" skipped="0" failures="2">
  <properties>
[...]
</properties>
  <testcase name="Given set base URI" classname="Scenario: Delete existing record and verify the status code" time="0.001"/>
  <testcase name="When I perform delete request" classname="Scenario: Delete existing record and verify the status code" time="0"/>
  <testcase name="Then I validate the status code is equals 200" classname="Scenario: Delete existing record and verify the status code" time="0">
    <failure message="expected:&lt;200&gt; but was:&lt;404&gt;" type="java.lang.AssertionError"><![CDATA[java.lang.AssertionError: expected:<200> but was:<404>
	at org.junit.Assert.fail(Assert.java:88)
	at org.junit.Assert.failNotEquals(Assert.java:834)
	at org.junit.Assert.assertEquals(Assert.java:645)
	at org.junit.Assert.assertEquals(Assert.java:631)
	at StepDefinition.TC_API_deleteRequest.i_validate_the_status_code_is_equals(TC_API_deleteRequest.java:34)
	at ✽.Then I validate the status code is equals 200(deleteRequest.feature:9)
]]></failure>
  </testcase>
  <testcase name="Scenario: Delete existing record and verify the status code" classname="Scenario: Delete existing record and verify the status code" time="0">
    <failure message="expected:&lt;200&gt; but was:&lt;404&gt;" type="java.lang.AssertionError"><![CDATA[java.lang.AssertionError: expected:<200> but was:<404>
	at org.junit.Assert.fail(Assert.java:88)
	at org.junit.Assert.failNotEquals(Assert.java:834)
	at org.junit.Assert.assertEquals(Assert.java:645)
	at org.junit.Assert.assertEquals(Assert.java:631)
	at StepDefinition.TC_API_deleteRequest.i_validate_the_status_code_is_equals(TC_API_deleteRequest.java:34)
	at ✽.Then I validate the status code is equals 200(deleteRequest.feature:9)
]]></failure>
  </testcase>
  <testcase name="Given a base URI" classname="Scenario: To Perform Get Request using Rest Assured Framework" time="0"/>
  <testcase name="When i enter the city" classname="Scenario: To Perform Get Request using Rest Assured Framework" time="0"/>
  <testcase name="Then I get the body response" classname="Scenario: To Perform Get Request using Rest Assured Framework" time="0"/>
  <testcase name="And the status code is equals 200" classname="Scenario: To Perform Get Request using Rest Assured Framework" time="0"/>
  <testcase name="Scenario: To Perform Get Request using Rest Assured Framework" classname="Scenario: To Perform Get Request using Rest Assured Framework" time="0"/>
  <testcase name="Given a Base URI" classname="Scenario: Add a new Response in the Response Body" time="0"/>
  <testcase name="When I add the new entry in the json body using json object" classname="Scenario: Add a new Response in the Response Body" time="0"/>
  <testcase name="Then I validate the status code equals 201" classname="Scenario: Add a new Response in the Response Body" time="0"/>
  <testcase name="Scenario: Add a new Response in the Response Body" classname="Scenario: Add a new Response in the Response Body" time="0.001"/>
  <testcase name="Given a base URI using put request" classname="Scenario: update the json body and verify the status code" time="0"/>
  <testcase name="When I update the existing value in json file using json object" classname="Scenario: update the json body and verify the status code" time="0"/>
  <testcase name="Then I validate the status code is equals to 200" classname="Scenario: update the json body and verify the status code" time="0"/>
  <testcase name="Scenario: update the json body and verify the status code" classname="Scenario: update the json body and verify the status code" time="0"/>
</testsuite>