<?xml version="1.0" encoding="UTF-8"?>
<testsuite name="Runner.executeRunner" time="0.708" tests="10" errors="0" skipped="0" failures="2">
  <properties>
[...]
</properties>
  <testcase name="Given user is on HomePage" classname="Scenario: Verify that user is able to add product to Cart" time="0.001"/>
  <testcase name="When user clicks on Product from HomePage" classname="Scenario: Verify that user is able to add product to Cart" time="0"/>
  <testcase name="Then user should be able to see PDP" classname="Scenario: Verify that user is able to add product to Cart" time="0"/>
  <testcase name="And user is able to add the product to Cart" classname="Scenario: Verify that user is able to add product to Cart" time="0.004">
    <failure type="java.lang.AssertionError:">java.lang.AssertionError: null
	at org.junit.Assert.fail(Assert.java:86)
	at org.junit.Assert.assertTrue(Assert.java:41)
	at org.junit.Assert.assertFalse(Assert.java:64)
	at org.junit.Assert.assertFalse(Assert.java:74)
	at StepDefinition.TC_AddProduct.user_is_able_to_add_the_product_to_Cart(TC_AddProduct.java:40)
	at ✽.And user is able to add the product to Cart(addProductFeature.feature:7)
</failure>
  </testcase>
  <testcase name="Scenario: Verify that user is able to add product to Cart" classname="Scenario: Verify that user is able to add product to Cart" time="0.004">
    <failure type="java.lang.AssertionError:">java.lang.AssertionError: null
	at org.junit.Assert.fail(Assert.java:86)
	at org.junit.Assert.assertTrue(Assert.java:41)
	at org.junit.Assert.assertFalse(Assert.java:64)
	at org.junit.Assert.assertFalse(Assert.java:74)
	at StepDefinition.TC_AddProduct.user_is_able_to_add_the_product_to_Cart(TC_AddProduct.java:40)
	at ✽.And user is able to add the product to Cart(addProductFeature.feature:7)
</failure>
  </testcase>
  <testcase name="Given Launching the Chrome Browser" classname="Scenario: Verify that user is able to launch browser and navigate to Google" time="0"/>
  <testcase name="When user opens a browser" classname="Scenario: Verify that user is able to launch browser and navigate to Google" time="0"/>
  <testcase name="And enters &quot;http://www.google.com&quot;" classname="Scenario: Verify that user is able to launch browser and navigate to Google" time="0"/>
  <testcase name="Then user should be navigated to google search Page" classname="Scenario: Verify that user is able to launch browser and navigate to Google" time="0"/>
  <testcase name="Scenario: Verify that user is able to launch browser and navigate to Google" classname="Scenario: Verify that user is able to launch browser and navigate to Google" time="0.699"/>
</testsuite>